\BOOKMARK [0][-]{chapter*.2}{\376\377\000E\000x\000e\000c\000u\000t\000i\000v\000e\000\040\000S\000u\000m\000m\000a\000r\000y}{}% 1
\BOOKMARK [0][-]{chapter.1}{\376\377\000M\000a\000r\000k\000e\000t\000\040\000\046\000\040\000C\000o\000m\000p\000e\000t\000i\000t\000i\000v\000e\000\040\000L\000a\000n\000d\000s\000c\000a\000p\000e}{}% 2
\BOOKMARK [1][-]{section.1.1}{\376\377\000B\000a\000n\000g\000l\000a\000d\000e\000s\000h\000\040\000M\000a\000r\000k\000e\000t\000\040\000O\000v\000e\000r\000v\000i\000e\000w}{chapter.1}% 3
\BOOKMARK [2][-]{subsection.1.1.1}{\376\377\000M\000a\000r\000k\000e\000t\000\040\000S\000i\000z\000e\000\040\000\046\000\040\000G\000r\000o\000w\000t\000h}{section.1.1}% 4
\BOOKMARK [2][-]{subsection.1.1.2}{\376\377\000M\000a\000r\000k\000e\000t\000\040\000G\000r\000o\000w\000t\000h\000\040\000D\000r\000i\000v\000e\000r\000s}{section.1.1}% 5
\BOOKMARK [2][-]{subsection.1.1.3}{\376\377\000F\000a\000r\000m\000e\000r\000\040\000A\000d\000o\000p\000t\000i\000o\000n\000\040\000P\000r\000o\000o\000f}{section.1.1}% 6
\BOOKMARK [1][-]{section.1.2}{\376\377\000S\000e\000c\000t\000o\000r\000-\000S\000p\000e\000c\000i\000f\000i\000c\000\040\000O\000p\000p\000o\000r\000t\000u\000n\000i\000t\000i\000e\000s}{chapter.1}% 7
\BOOKMARK [2][-]{subsection.1.2.1}{\376\377\000A\000g\000r\000i\000c\000u\000l\000t\000u\000r\000e\000\040\000\050\000P\000r\000i\000m\000a\000r\000y\000\040\000F\000o\000c\000u\000s\000\051}{section.1.2}% 8
\BOOKMARK [2][-]{subsection.1.2.2}{\376\377\000G\000o\000v\000e\000r\000n\000m\000e\000n\000t\000\040\000\046\000\040\000I\000n\000f\000r\000a\000s\000t\000r\000u\000c\000t\000u\000r\000e}{section.1.2}% 9
\BOOKMARK [2][-]{subsection.1.2.3}{\376\377\000R\000e\000a\000l\000\040\000E\000s\000t\000a\000t\000e\000\040\000\046\000\040\000C\000o\000n\000s\000t\000r\000u\000c\000t\000i\000o\000n}{section.1.2}% 10
\BOOKMARK [1][-]{section.1.3}{\376\377\000C\000o\000m\000p\000e\000t\000i\000t\000i\000v\000e\000\040\000A\000n\000a\000l\000y\000s\000i\000s}{chapter.1}% 11
\BOOKMARK [2][-]{subsection.1.3.1}{\376\377\0006\000\040\000M\000a\000j\000o\000r\000\040\000C\000o\000m\000p\000e\000t\000i\000t\000o\000r\000s\000\040\000I\000d\000e\000n\000t\000i\000f\000i\000e\000d}{section.1.3}% 12
\BOOKMARK [2][-]{subsection.1.3.2}{\376\377\000M\000a\000r\000k\000e\000t\000\040\000G\000a\000p\000s\000\040\000W\000e\000\040\000A\000d\000d\000r\000e\000s\000s}{section.1.3}% 13
\BOOKMARK [2][-]{subsection.1.3.3}{\376\377\000C\000o\000m\000p\000e\000t\000i\000t\000i\000v\000e\000\040\000P\000o\000s\000i\000t\000i\000o\000n\000i\000n\000g}{section.1.3}% 14
\BOOKMARK [1][-]{section.1.4}{\376\377\000C\000o\000m\000p\000e\000t\000i\000t\000i\000v\000e\000\040\000A\000d\000v\000a\000n\000t\000a\000g\000e\000\040\000T\000i\000m\000e\000l\000i\000n\000e}{chapter.1}% 15
\BOOKMARK [1][-]{section.1.5}{\376\377\000M\000a\000r\000k\000e\000t\000\040\000E\000n\000t\000r\000y\000\040\000S\000t\000r\000a\000t\000e\000g\000y}{chapter.1}% 16
\BOOKMARK [1][-]{section.1.6}{\376\377\000C\000h\000a\000p\000t\000e\000r\000\040\000C\000o\000n\000c\000l\000u\000s\000i\000o\000n}{chapter.1}% 17
\BOOKMARK [0][-]{chapter.2}{\376\377\000B\000u\000s\000i\000n\000e\000s\000s\000\040\000M\000o\000d\000e\000l\000\040\000\046\000\040\000R\000e\000v\000e\000n\000u\000e\000\040\000S\000t\000r\000a\000t\000e\000g\000y}{}% 18
\BOOKMARK [1][-]{section.2.1}{\376\377\000F\000o\000u\000r\000-\000T\000i\000e\000r\000\040\000S\000e\000r\000v\000i\000c\000e\000\040\000M\000o\000d\000e\000l}{chapter.2}% 19
\BOOKMARK [2][-]{subsection.2.1.1}{\376\377\000T\000i\000e\000r\000\040\0001\000:\000\040\000D\000a\000t\000a\000\040\000C\000o\000l\000l\000e\000c\000t\000i\000o\000n}{section.2.1}% 20
\BOOKMARK [2][-]{subsection.2.1.2}{\376\377\000T\000i\000e\000r\000\040\0002\000:\000\040\000P\000r\000o\000c\000e\000s\000s\000e\000d\000\040\000M\000a\000p\000s}{section.2.1}% 21
\BOOKMARK [2][-]{subsection.2.1.3}{\376\377\000T\000i\000e\000r\000\040\0003\000:\000\040\000C\000u\000s\000t\000o\000m\000\040\000A\000p\000p\000l\000i\000c\000a\000t\000i\000o\000n\000s}{section.2.1}% 22
\BOOKMARK [2][-]{subsection.2.1.4}{\376\377\000T\000i\000e\000r\000\040\0004\000:\000\040\000C\000o\000n\000s\000u\000l\000t\000i\000n\000g}{section.2.1}% 23
\BOOKMARK [1][-]{section.2.2}{\376\377\000R\000e\000v\000e\000n\000u\000e\000\040\000M\000o\000d\000e\000l}{chapter.2}% 24
\BOOKMARK [1][-]{section.2.3}{\376\377\000T\000a\000r\000g\000e\000t\000\040\000C\000u\000s\000t\000o\000m\000e\000r\000\040\000S\000e\000g\000m\000e\000n\000t\000s}{chapter.2}% 25
\BOOKMARK [2][-]{subsection.2.3.1}{\376\377\000A\000g\000r\000i\000c\000u\000l\000t\000u\000r\000e\000\040\000\050\000P\000r\000i\000m\000a\000r\000y\000\040\000M\000a\000r\000k\000e\000t\000\051}{section.2.3}% 26
\BOOKMARK [2][-]{subsection.2.3.2}{\376\377\000G\000o\000v\000e\000r\000n\000m\000e\000n\000t}{section.2.3}% 27
\BOOKMARK [2][-]{subsection.2.3.3}{\376\377\000R\000e\000a\000l\000\040\000E\000s\000t\000a\000t\000e\000\040\000\046\000\040\000C\000o\000n\000s\000t\000r\000u\000c\000t\000i\000o\000n}{section.2.3}% 28
\BOOKMARK [2][-]{subsection.2.3.4}{\376\377\000N\000G\000O\000s\000\040\000\046\000\040\000E\000n\000v\000i\000r\000o\000n\000m\000e\000n\000t}{section.2.3}% 29
\BOOKMARK [1][-]{section.2.4}{\376\377\000P\000r\000i\000c\000i\000n\000g\000\040\000S\000t\000r\000a\000t\000e\000g\000y\000:\000\040\000V\000a\000l\000u\000e\000-\000B\000a\000s\000e\000d\000\040\000M\000o\000d\000e\000l}{chapter.2}% 30
\BOOKMARK [1][-]{section.2.5}{\376\377\000N\000G\000O\000\040\000P\000a\000r\000t\000n\000e\000r\000s\000h\000i\000p\000\040\000M\000o\000d\000e\000l\000\040\000\050\000K\000e\000y\000\040\000D\000i\000f\000f\000e\000r\000e\000n\000t\000i\000a\000t\000o\000r\000\051}{chapter.2}% 31
\BOOKMARK [1][-]{section.2.6}{\376\377\000B\000u\000s\000i\000n\000e\000s\000s\000\040\000M\000o\000d\000e\000l\000\040\000S\000u\000s\000t\000a\000i\000n\000a\000b\000i\000l\000i\000t\000y}{chapter.2}% 32
\BOOKMARK [0][-]{chapter.3}{\376\377\000O\000p\000e\000r\000a\000t\000i\000o\000n\000s\000,\000\040\000R\000e\000g\000u\000l\000a\000t\000o\000r\000y\000\040\000\046\000\040\000I\000m\000p\000l\000e\000m\000e\000n\000t\000a\000t\000i\000o\000n}{}% 33
\BOOKMARK [1][-]{section.3.1}{\376\377\000C\000A\000A\000B\000\040\000R\000e\000g\000u\000l\000a\000t\000o\000r\000y\000\040\000R\000e\000q\000u\000i\000r\000e\000m\000e\000n\000t\000s}{chapter.3}% 34
\BOOKMARK [2][-]{subsection.3.1.1}{\376\377\0001\000.\000\040\000D\000r\000o\000n\000e\000\040\000R\000e\000g\000i\000s\000t\000r\000a\000t\000i\000o\000n}{section.3.1}% 35
\BOOKMARK [2][-]{subsection.3.1.2}{\376\377\0002\000.\000\040\000R\000e\000m\000o\000t\000e\000\040\000P\000i\000l\000o\000t\000\040\000C\000e\000r\000t\000i\000f\000i\000c\000a\000t\000i\000o\000n\000\040\000\050\000R\000O\000C\000\051}{section.3.1}% 36
\BOOKMARK [2][-]{subsection.3.1.3}{\376\377\0003\000.\000\040\000F\000l\000i\000g\000h\000t\000\040\000S\000a\000f\000e\000t\000y\000\040\000R\000e\000q\000u\000e\000s\000t\000\040\000\050\000F\000S\000R\000\051\000\040\000\046\000\040\000S\000e\000c\000u\000r\000i\000t\000y\000\040\000C\000l\000e\000a\000r\000a\000n\000c\000e\000s}{section.3.1}% 37
\BOOKMARK [2][-]{subsection.3.1.4}{\376\377\0004\000.\000\040\000I\000n\000s\000u\000r\000a\000n\000c\000e\000\040\000\046\000\040\000O\000p\000e\000r\000a\000t\000i\000o\000n\000a\000l\000\040\000R\000e\000s\000t\000r\000i\000c\000t\000i\000o\000n\000s}{section.3.1}% 38
\BOOKMARK [1][-]{section.3.2}{\376\377\000G\000e\000t\000t\000i\000n\000g\000\040\000S\000t\000a\000r\000t\000e\000d\000\040\000T\000i\000m\000e\000l\000i\000n\000e}{chapter.3}% 39
\BOOKMARK [1][-]{section.3.3}{\376\377\000E\000q\000u\000i\000p\000m\000e\000n\000t\000\040\000\046\000\040\000T\000e\000c\000h\000n\000o\000l\000o\000g\000y}{chapter.3}% 40
\BOOKMARK [2][-]{subsection.3.3.1}{\376\377\000D\000r\000o\000n\000e\000s}{section.3.3}% 41
\BOOKMARK [2][-]{subsection.3.3.2}{\376\377\000P\000r\000o\000c\000e\000s\000s\000i\000n\000g\000\040\000I\000n\000f\000r\000a\000s\000t\000r\000u\000c\000t\000u\000r\000e}{section.3.3}% 42
\BOOKMARK [1][-]{section.3.4}{\376\377\000G\000e\000o\000g\000r\000a\000p\000h\000i\000c\000\040\000E\000x\000p\000a\000n\000s\000i\000o\000n\000\040\000S\000t\000r\000a\000t\000e\000g\000y}{chapter.3}% 43
\BOOKMARK [1][-]{section.3.5}{\376\377\0003\0006\000-\000M\000o\000n\000t\000h\000\040\000I\000m\000p\000l\000e\000m\000e\000n\000t\000a\000t\000i\000o\000n\000\040\000P\000l\000a\000n}{chapter.3}% 44
\BOOKMARK [2][-]{subsection.3.5.1}{\376\377\000Y\000e\000a\000r\000\040\0001\000:\000\040\000F\000o\000u\000n\000d\000a\000t\000i\000o\000n\000\040\000P\000h\000a\000s\000e\000\040\000\050\000M\000o\000n\000t\000h\000s\000\040\0001\000-\0001\0002\000\051}{section.3.5}% 45
\BOOKMARK [2][-]{subsection.3.5.2}{\376\377\000Y\000e\000a\000r\000\040\0002\000:\000\040\000G\000r\000o\000w\000t\000h\000\040\000P\000h\000a\000s\000e\000\040\000\050\000M\000o\000n\000t\000h\000s\000\040\0001\0003\000-\0002\0004\000\051}{section.3.5}% 46
\BOOKMARK [2][-]{subsection.3.5.3}{\376\377\000Y\000e\000a\000r\000\040\0003\000:\000\040\000S\000c\000a\000l\000i\000n\000g\000\040\000P\000h\000a\000s\000e\000\040\000\050\000M\000o\000n\000t\000h\000s\000\040\0002\0005\000-\0003\0006\000\051}{section.3.5}% 47
\BOOKMARK [1][-]{section.3.6}{\376\377\000K\000e\000y\000\040\000O\000p\000e\000r\000a\000t\000i\000o\000n\000a\000l\000\040\000M\000e\000t\000r\000i\000c\000s}{chapter.3}% 48
\BOOKMARK [0][-]{chapter.4}{\376\377\000F\000i\000n\000a\000n\000c\000i\000a\000l\000\040\000P\000r\000o\000j\000e\000c\000t\000i\000o\000n\000s}{}% 49
\BOOKMARK [1][-]{section.4.1}{\376\377\000I\000n\000i\000t\000i\000a\000l\000\040\000I\000n\000v\000e\000s\000t\000m\000e\000n\000t}{chapter.4}% 50
\BOOKMARK [1][-]{section.4.2}{\376\377\0003\000-\000Y\000e\000a\000r\000\040\000R\000e\000v\000e\000n\000u\000e\000\040\000P\000r\000o\000j\000e\000c\000t\000i\000o\000n\000s}{chapter.4}% 51
\BOOKMARK [2][-]{subsection.4.2.1}{\376\377\000Y\000e\000a\000r\000\040\0001\000:\000\040\000F\000o\000u\000n\000d\000a\000t\000i\000o\000n}{section.4.2}% 52
\BOOKMARK [2][-]{subsection.4.2.2}{\376\377\000Y\000e\000a\000r\000\040\0002\000:\000\040\000G\000r\000o\000w\000t\000h}{section.4.2}% 53
\BOOKMARK [2][-]{subsection.4.2.3}{\376\377\000Y\000e\000a\000r\000\040\0003\000:\000\040\000S\000c\000a\000l\000i\000n\000g}{section.4.2}% 54
\BOOKMARK [1][-]{section.4.3}{\376\377\0003\000-\000Y\000e\000a\000r\000\040\000S\000u\000m\000m\000a\000r\000y\000\040\000a\000n\000d\000\040\000I\000n\000v\000e\000s\000t\000m\000e\000n\000t\000\040\000R\000e\000t\000u\000r\000n\000s}{chapter.4}% 55
\BOOKMARK [1][-]{section.4.4}{\376\377\000U\000n\000i\000t\000\040\000E\000c\000o\000n\000o\000m\000i\000c\000s}{chapter.4}% 56
\BOOKMARK [2][-]{subsection.4.4.1}{\376\377\000S\000u\000r\000v\000e\000y\000\040\000P\000r\000o\000j\000e\000c\000t\000\040\000\050\0005\0000\0000\000\040\000h\000e\000c\000t\000a\000r\000e\000s\000\051}{section.4.4}% 57
\BOOKMARK [2][-]{subsection.4.4.2}{\376\377\000C\000u\000s\000t\000o\000m\000\040\000G\000I\000S\000\040\000A\000p\000p\000l\000i\000c\000a\000t\000i\000o\000n}{section.4.4}% 58
\BOOKMARK [1][-]{section.4.5}{\376\377\000I\000n\000v\000e\000s\000t\000m\000e\000n\000t\000\040\000R\000e\000t\000u\000r\000n\000s}{chapter.4}% 59
\BOOKMARK [0][-]{chapter.5}{\376\377\000F\000a\000r\000m\000e\000r\000\040\000A\000p\000p\000l\000i\000c\000a\000t\000i\000o\000n\000s\000\040\000\046\000\040\000M\000L\000\040\000S\000t\000r\000a\000t\000e\000g\000y}{}% 60
\BOOKMARK [1][-]{section.5.1}{\376\377\000T\000h\000r\000e\000e\000\040\000F\000a\000r\000m\000e\000r\000-\000C\000e\000n\000t\000r\000i\000c\000\040\000A\000p\000p\000l\000i\000c\000a\000t\000i\000o\000n\000s}{chapter.5}% 61
\BOOKMARK [2][-]{subsection.5.1.1}{\376\377\000A\000p\000p\000\040\0001\000:\000\040\000Y\000i\000e\000l\000d\000\040\000P\000r\000e\000d\000i\000c\000t\000i\000o\000n\000\040\000E\000n\000g\000i\000n\000e}{section.5.1}% 62
\BOOKMARK [2][-]{subsection.5.1.2}{\376\377\000A\000p\000p\000\040\0002\000:\000\040\000D\000i\000s\000e\000a\000s\000e\000\040\000\046\000\040\000P\000e\000s\000t\000\040\000D\000e\000t\000e\000c\000t\000i\000o\000n}{section.5.1}% 63
\BOOKMARK [2][-]{subsection.5.1.3}{\376\377\000A\000p\000p\000\040\0003\000:\000\040\000W\000a\000t\000e\000r\000\040\000\046\000\040\000I\000r\000r\000i\000g\000a\000t\000i\000o\000n\000\040\000P\000l\000a\000n\000n\000i\000n\000g}{section.5.1}% 64
\BOOKMARK [1][-]{section.5.2}{\376\377\000F\000a\000r\000m\000e\000r\000\040\000A\000d\000o\000p\000t\000i\000o\000n\000\040\000P\000a\000t\000h}{chapter.5}% 65
\BOOKMARK [2][-]{subsection.5.2.1}{\376\377\000P\000h\000a\000s\000e\000\040\0001\000:\000\040\000P\000i\000l\000o\000t\000\040\000w\000i\000t\000h\000\040\000N\000G\000O\000\040\000P\000a\000r\000t\000n\000e\000r\000s\000\040\000\050\000M\000o\000n\000t\000h\000s\000\040\0001\000-\0006\000,\000\040\000Y\000e\000a\000r\000\040\0002\000\051}{section.5.2}% 66
\BOOKMARK [2][-]{subsection.5.2.2}{\376\377\000P\000h\000a\000s\000e\000\040\0002\000:\000\040\000C\000o\000n\000t\000r\000o\000l\000l\000e\000d\000\040\000S\000c\000a\000l\000e\000\040\000\050\000M\000o\000n\000t\000h\000s\000\040\0007\000-\0001\0002\000,\000\040\000Y\000e\000a\000r\000\040\0002\000\051}{section.5.2}% 67
\BOOKMARK [2][-]{subsection.5.2.3}{\376\377\000P\000h\000a\000s\000e\000\040\0003\000:\000\040\000R\000e\000g\000i\000o\000n\000a\000l\000\040\000E\000x\000p\000a\000n\000s\000i\000o\000n\000\040\000\050\000Y\000e\000a\000r\000\040\0003\000\051}{section.5.2}% 68
\BOOKMARK [1][-]{section.5.3}{\376\377\000M\000a\000c\000h\000i\000n\000e\000\040\000L\000e\000a\000r\000n\000i\000n\000g\000\040\000M\000o\000d\000e\000l\000\040\000D\000e\000v\000e\000l\000o\000p\000m\000e\000n\000t}{chapter.5}% 69
\BOOKMARK [2][-]{subsection.5.3.1}{\376\377\000D\000a\000t\000a\000\040\000F\000o\000u\000n\000d\000a\000t\000i\000o\000n}{section.5.3}% 70
\BOOKMARK [2][-]{subsection.5.3.2}{\376\377\000M\000o\000d\000e\000l\000\040\000T\000y\000p\000e\000s}{section.5.3}% 71
\BOOKMARK [2][-]{subsection.5.3.3}{\376\377\000D\000e\000v\000e\000l\000o\000p\000m\000e\000n\000t\000\040\000T\000i\000m\000e\000l\000i\000n\000e}{section.5.3}% 72
\BOOKMARK [1][-]{section.5.4}{\376\377\000C\000o\000m\000p\000e\000t\000i\000t\000i\000v\000e\000\040\000M\000L\000\040\000A\000d\000v\000a\000n\000t\000a\000g\000e}{chapter.5}% 73
\BOOKMARK [0][-]{chapter.6}{\376\377\000R\000i\000s\000k\000s\000\040\000\046\000\040\000M\000i\000t\000i\000g\000a\000t\000i\000o\000n}{}% 74
\BOOKMARK [1][-]{section.6.1}{\376\377\000R\000i\000s\000k\000\040\0001\000:\000\040\000C\000o\000m\000p\000e\000t\000i\000t\000i\000v\000e\000\040\000P\000r\000e\000s\000s\000u\000r\000e}{chapter.6}% 75
\BOOKMARK [1][-]{section.6.2}{\376\377\000R\000i\000s\000k\000\040\0002\000:\000\040\000N\000G\000O\000\040\000P\000a\000r\000t\000n\000e\000r\000s\000h\000i\000p\000\040\000C\000h\000a\000l\000l\000e\000n\000g\000e\000s}{chapter.6}% 76
\BOOKMARK [1][-]{section.6.3}{\376\377\000R\000i\000s\000k\000\040\0003\000:\000\040\000R\000e\000g\000u\000l\000a\000t\000o\000r\000y\000\040\000C\000h\000a\000n\000g\000e\000s}{chapter.6}% 77
\BOOKMARK [1][-]{section.6.4}{\376\377\000R\000i\000s\000k\000\040\0004\000:\000\040\000T\000e\000c\000h\000n\000o\000l\000o\000g\000y\000\040\000I\000n\000t\000e\000g\000r\000a\000t\000i\000o\000n}{chapter.6}% 78
\BOOKMARK [1][-]{section.6.5}{\376\377\000R\000i\000s\000k\000\040\0005\000:\000\040\000T\000a\000l\000e\000n\000t\000\040\000C\000o\000n\000s\000t\000r\000a\000i\000n\000t\000s}{chapter.6}% 79
\BOOKMARK [1][-]{section.6.6}{\376\377\000R\000i\000s\000k\000\040\0006\000:\000\040\000F\000a\000r\000m\000e\000r\000\040\000A\000d\000o\000p\000t\000i\000o\000n\000\040\000D\000e\000l\000a\000y\000s}{chapter.6}% 80
\BOOKMARK [1][-]{section.6.7}{\376\377\000R\000i\000s\000k\000\040\000S\000u\000m\000m\000a\000r\000y}{chapter.6}% 81
\BOOKMARK [0][-]{chapter.7}{\376\377\000I\000n\000v\000e\000s\000t\000m\000e\000n\000t\000\040\000S\000u\000m\000m\000a\000r\000y\000\040\000\046\000\040\000P\000a\000t\000h\000\040\000F\000o\000r\000w\000a\000r\000d}{}% 82
\BOOKMARK [1][-]{section.7.1}{\376\377\000W\000h\000y\000\040\000T\000h\000i\000s\000\040\000I\000n\000v\000e\000s\000t\000m\000e\000n\000t\000\040\000O\000p\000p\000o\000r\000t\000u\000n\000i\000t\000y}{chapter.7}% 83
\BOOKMARK [1][-]{section.7.2}{\376\377\000I\000n\000v\000e\000s\000t\000m\000e\000n\000t\000\040\000S\000u\000m\000m\000a\000r\000y}{chapter.7}% 84
\BOOKMARK [2][-]{subsection.7.2.1}{\376\377\000C\000a\000p\000i\000t\000a\000l\000\040\000R\000e\000q\000u\000i\000r\000e\000d}{section.7.2}% 85
\BOOKMARK [2][-]{subsection.7.2.2}{\376\377\000F\000i\000n\000a\000n\000c\000i\000a\000l\000\040\000R\000e\000t\000u\000r\000n\000s\000\040\000\050\0003\000-\000Y\000e\000a\000r\000\051}{section.7.2}% 86
\BOOKMARK [2][-]{subsection.7.2.3}{\376\377\000E\000x\000i\000t\000\040\000O\000p\000p\000o\000r\000t\000u\000n\000i\000t\000i\000e\000s\000\040\000\050\0005\000-\0007\000\040\000Y\000e\000a\000r\000\040\000H\000o\000r\000i\000z\000o\000n\000\051}{section.7.2}% 87
\BOOKMARK [1][-]{section.7.3}{\376\377\000K\000e\000y\000\040\000S\000u\000c\000c\000e\000s\000s\000\040\000F\000a\000c\000t\000o\000r\000s}{chapter.7}% 88
\BOOKMARK [2][-]{subsection.7.3.1}{\376\377\000F\000r\000o\000m\000\040\000I\000n\000v\000e\000s\000t\000o\000r\000s}{section.7.3}% 89
\BOOKMARK [2][-]{subsection.7.3.2}{\376\377\000F\000r\000o\000m\000\040\000M\000a\000n\000a\000g\000e\000m\000e\000n\000t}{section.7.3}% 90
\BOOKMARK [1][-]{section.7.4}{\376\377\000C\000o\000m\000p\000e\000t\000i\000t\000i\000v\000e\000\040\000A\000d\000v\000a\000n\000t\000a\000g\000e\000\040\000S\000u\000m\000m\000a\000r\000y}{chapter.7}% 91
\BOOKMARK [1][-]{section.7.5}{\376\377\000C\000o\000n\000c\000l\000u\000s\000i\000o\000n}{chapter.7}% 92
\BOOKMARK [1][-]{section.7.6}{\376\377\000N\000e\000x\000t\000\040\000S\000t\000e\000p\000s}{chapter.7}% 93
\BOOKMARK [2][-]{subsection.7.6.1}{\376\377\000I\000m\000m\000e\000d\000i\000a\000t\000e\000\040\000\050\000W\000e\000e\000k\000\040\0001\000\051}{section.7.6}% 94
\BOOKMARK [2][-]{subsection.7.6.2}{\376\377\000S\000h\000o\000r\000t\000-\000T\000e\000r\000m\000\040\000\050\000W\000e\000e\000k\000s\000\040\0002\000-\0004\000\051}{section.7.6}% 95
\BOOKMARK [2][-]{subsection.7.6.3}{\376\377\000F\000u\000n\000d\000i\000n\000g\000\040\000C\000l\000o\000s\000e\000\040\000\050\000T\000a\000r\000g\000e\000t\000:\000\040\000M\000o\000n\000t\000h\000\040\0002\000\051}{section.7.6}% 96
\BOOKMARK [1][-]{section.7.7}{\376\377\000F\000i\000n\000a\000l\000\040\000W\000o\000r\000d}{chapter.7}% 97
\BOOKMARK [0][-]{appendix*.23}{\376\377\000K\000e\000y\000\040\000R\000e\000f\000e\000r\000e\000n\000c\000e\000s\000\040\000\046\000\040\000A\000s\000s\000u\000m\000p\000t\000i\000o\000n\000s}{}% 98
\BOOKMARK [1][-]{section.Alph0.1}{\376\377\000F\000i\000n\000a\000n\000c\000i\000a\000l\000\040\000A\000s\000s\000u\000m\000p\000t\000i\000o\000n\000s}{appendix*.23}% 99
\BOOKMARK [1][-]{section.Alph0.2}{\376\377\000K\000e\000y\000\040\000D\000a\000t\000a\000\040\000S\000o\000u\000r\000c\000e\000s}{appendix*.23}% 100
\BOOKMARK [1][-]{section.Alph0.3}{\376\377\000R\000e\000g\000u\000l\000a\000t\000o\000r\000y\000\040\000F\000r\000a\000m\000e\000w\000o\000r\000k}{appendix*.23}% 101
\BOOKMARK [1][-]{section.Alph0.4}{\376\377\000C\000o\000m\000p\000e\000t\000i\000t\000i\000v\000e\000\040\000L\000a\000n\000d\000s\000c\000a\000p\000e}{appendix*.23}% 102
\BOOKMARK [1][-]{section.Alph0.5}{\376\377\000B\000i\000b\000l\000i\000o\000g\000r\000a\000p\000h\000y}{appendix*.23}% 103
