\BOOKMARK [0][-]{chapter*.1}{\376\377\000E\000x\000e\000c\000u\000t\000i\000v\000e\000\040\000S\000u\000m\000m\000a\000r\000y}{}% 1
\BOOKMARK [0][-]{chapter*.3}{\376\377\000M\000a\000r\000k\000e\000t\000\040\000R\000e\000s\000e\000a\000r\000c\000h\000:\000\040\000C\000o\000m\000p\000e\000t\000i\000t\000i\000v\000e\000\040\000L\000a\000n\000d\000s\000c\000a\000p\000e\000\040\000A\000n\000a\000l\000y\000s\000i\000s}{}% 2
\BOOKMARK [1][-]{section.0.1}{\376\377\000B\000a\000n\000g\000l\000a\000d\000e\000s\000h\000\040\000G\000I\000S\000\040\000\046\000\040\000D\000r\000o\000n\000e\000\040\000S\000e\000r\000v\000i\000c\000e\000s\000\040\000M\000a\000r\000k\000e\000t\000\040\000-\000\040\000C\000u\000r\000r\000e\000n\000t\000\040\000S\000t\000a\000t\000e}{chapter*.3}% 3
\BOOKMARK [1][-]{section.0.2}{\376\377\000I\000d\000e\000n\000t\000i\000f\000i\000e\000d\000\040\000C\000o\000m\000p\000e\000t\000i\000t\000o\000r\000s\000\040\000i\000n\000\040\000B\000a\000n\000g\000l\000a\000d\000e\000s\000h}{chapter*.3}% 4
\BOOKMARK [2][-]{subsection.0.2.1}{\376\377\0001\000.\000\040\000G\000e\000o\000T\000e\000c\000h\000\040\000E\000n\000g\000i\000n\000e\000e\000r\000i\000n\000g\000\040\000L\000t\000d\000.\000\040\000\050\000E\000s\000t\000a\000b\000l\000i\000s\000h\000e\000d\000\040\000L\000e\000a\000d\000e\000r\000\051}{section.0.2}% 5
\BOOKMARK [2][-]{subsection.0.2.2}{\376\377\0002\000.\000\040\000D\000i\000g\000i\000t\000a\000l\000\040\000S\000u\000r\000v\000e\000y\000\040\000B\000D\000\040\000\050\000G\000r\000o\000w\000i\000n\000g\000\040\000P\000l\000a\000y\000e\000r\000\051}{section.0.2}% 6
\BOOKMARK [2][-]{subsection.0.2.3}{\376\377\0003\000.\000\040\000B\000D\000S\000\040\000T\000h\000a\000p\000a\000t\000i\000\040\000\050\000S\000t\000h\000a\000p\000a\000t\000i\000\040\000A\000s\000s\000o\000c\000i\000a\000t\000e\000s\000\040\000L\000t\000d\000.\000\051}{section.0.2}% 7
\BOOKMARK [2][-]{subsection.0.2.4}{\376\377\0004\000.\000\040\000G\000r\000i\000h\000a\000y\000a\000n\000\040\000L\000i\000m\000i\000t\000e\000d\000\040\000\050\000E\000s\000t\000a\000b\000l\000i\000s\000h\000e\000d\000\040\000S\000u\000r\000v\000e\000y\000i\000n\000g\000\040\000F\000i\000r\000m\000\051}{section.0.2}% 8
\BOOKMARK [2][-]{subsection.0.2.5}{\376\377\0005\000.\000\040\000A\000g\000n\000i\000b\000o\000t\000\040\000\050\000A\000g\000r\000i\000c\000u\000l\000t\000u\000r\000a\000l\000\040\000D\000r\000o\000n\000e\000\040\000S\000t\000a\000r\000t\000u\000p\000\051}{section.0.2}% 9
\BOOKMARK [2][-]{subsection.0.2.6}{\376\377\0006\000.\000\040\000G\000o\000l\000d\000e\000n\000\040\000I\000n\000f\000o\000\040\000S\000y\000s\000t\000e\000m\000s}{section.0.2}% 10
\BOOKMARK [1][-]{section.0.3}{\376\377\000O\000t\000h\000e\000r\000\040\000S\000e\000r\000v\000i\000c\000e\000\040\000P\000r\000o\000v\000i\000d\000e\000r\000s}{chapter*.3}% 11
\BOOKMARK [2][-]{subsection.0.3.1}{\376\377\000A\000v\000i\000o\000n\000\040\000A\000e\000r\000o\000s\000p\000a\000c\000e}{section.0.3}% 12
\BOOKMARK [2][-]{subsection.0.3.2}{\376\377\000T\000h\000e\000\040\000M\000a\000p\000p\000a}{section.0.3}% 13
\BOOKMARK [2][-]{subsection.0.3.3}{\376\377\000R\000a\000y\000n\000a\000s\000\040\000G\000l\000o\000b\000a\000l}{section.0.3}% 14
\BOOKMARK [1][-]{section.0.4}{\376\377\000C\000o\000m\000p\000e\000t\000i\000t\000i\000v\000e\000\040\000L\000a\000n\000d\000s\000c\000a\000p\000e\000\040\000S\000u\000m\000m\000a\000r\000y}{chapter*.3}% 15
\BOOKMARK [1][-]{section.0.5}{\376\377\000M\000a\000r\000k\000e\000t\000\040\000S\000i\000z\000e\000\040\000\046\000\040\000O\000p\000p\000o\000r\000t\000u\000n\000i\000t\000y\000\040\000A\000n\000a\000l\000y\000s\000i\000s}{chapter*.3}% 16
\BOOKMARK [2][-]{subsection.0.5.1}{\376\377\000B\000a\000n\000g\000l\000a\000d\000e\000s\000h\000\040\000A\000g\000r\000i\000c\000u\000l\000t\000u\000r\000a\000l\000\040\000S\000e\000c\000t\000o\000r\000\040\000O\000p\000p\000o\000r\000t\000u\000n\000i\000t\000y}{section.0.5}% 17
\BOOKMARK [2][-]{subsection.0.5.2}{\376\377\000G\000o\000v\000e\000r\000n\000m\000e\000n\000t\000\040\000D\000i\000g\000i\000t\000a\000l\000i\000z\000a\000t\000i\000o\000n\000\040\000D\000r\000i\000v\000e}{section.0.5}% 18
\BOOKMARK [2][-]{subsection.0.5.3}{\376\377\000L\000i\000D\000A\000R\000\040\000T\000e\000c\000h\000n\000o\000l\000o\000g\000y\000\040\000M\000a\000r\000k\000e\000t\000\040\000S\000t\000a\000t\000u\000s}{section.0.5}% 19
\BOOKMARK [1][-]{section.0.6}{\376\377\000M\000a\000r\000k\000e\000t\000\040\000B\000a\000r\000r\000i\000e\000r\000s\000\040\000\046\000\040\000C\000h\000a\000l\000l\000e\000n\000g\000e\000s}{chapter*.3}% 20
\BOOKMARK [2][-]{subsection.0.6.1}{\376\377\000W\000h\000y\000\040\000t\000h\000e\000\040\000M\000a\000r\000k\000e\000t\000\040\000I\000s\000\040\000S\000t\000i\000l\000l\000\040\000O\000p\000e\000n}{section.0.6}% 21
\BOOKMARK [1][-]{section.0.7}{\376\377\000S\000t\000r\000a\000t\000e\000g\000i\000c\000\040\000C\000o\000n\000c\000l\000u\000s\000i\000o\000n\000s\000\040\000\046\000\040\000C\000o\000m\000p\000e\000t\000i\000t\000i\000v\000e\000\040\000P\000o\000s\000i\000t\000i\000o\000n\000i\000n\000g}{chapter*.3}% 22
\BOOKMARK [2][-]{subsection.0.7.1}{\376\377\000M\000a\000r\000k\000e\000t\000\040\000G\000a\000p\000s\000\040\000I\000d\000e\000n\000t\000i\000f\000i\000e\000d}{section.0.7}% 23
\BOOKMARK [2][-]{subsection.0.7.2}{\376\377\000P\000r\000e\000c\000i\000n\000c\000t\000\040\000S\000m\000a\000r\000t\000\040\000C\000o\000m\000p\000e\000t\000i\000t\000i\000v\000e\000\040\000A\000d\000v\000a\000n\000t\000a\000g\000e}{section.0.7}% 24
\BOOKMARK [2][-]{subsection.0.7.3}{\376\377\000M\000a\000r\000k\000e\000t\000\040\000E\000n\000t\000r\000y\000\040\000S\000t\000r\000a\000t\000e\000g\000y\000\040\000R\000a\000t\000i\000o\000n\000a\000l\000e}{section.0.7}% 25
\BOOKMARK [1][-]{section.0.8}{\376\377\000S\000o\000u\000r\000c\000e\000s\000\040\000\046\000\040\000R\000e\000f\000e\000r\000e\000n\000c\000e\000s}{chapter*.3}% 26
\BOOKMARK [0][-]{chapter.1}{\376\377\000M\000a\000r\000k\000e\000t\000\040\000A\000n\000a\000l\000y\000s\000i\000s\000\040\000\046\000\040\000O\000p\000p\000o\000r\000t\000u\000n\000i\000t\000y}{}% 27
\BOOKMARK [1][-]{section.1.1}{\376\377\000C\000u\000r\000r\000e\000n\000t\000\040\000B\000a\000n\000g\000l\000a\000d\000e\000s\000h\000\040\000M\000a\000r\000k\000e\000t\000\040\000L\000a\000n\000d\000s\000c\000a\000p\000e}{chapter.1}% 28
\BOOKMARK [2][-]{subsection.1.1.1}{\376\377\000E\000x\000i\000s\000t\000i\000n\000g\000\040\000C\000o\000m\000p\000e\000t\000i\000t\000i\000o\000n}{section.1.1}% 29
\BOOKMARK [2][-]{subsection.1.1.2}{\376\377\000M\000a\000r\000k\000e\000t\000\040\000G\000a\000p\000s\000\040\000\046\000\040\000O\000p\000p\000o\000r\000t\000u\000n\000i\000t\000i\000e\000s}{section.1.1}% 30
\BOOKMARK [1][-]{section.1.2}{\376\377\000M\000a\000r\000k\000e\000t\000\040\000G\000r\000o\000w\000t\000h\000\040\000D\000r\000i\000v\000e\000r\000s}{chapter.1}% 31
\BOOKMARK [2][-]{subsection.1.2.1}{\376\377\000I\000n\000f\000r\000a\000s\000t\000r\000u\000c\000t\000u\000r\000e\000\040\000D\000e\000v\000e\000l\000o\000p\000m\000e\000n\000t\000\040\000B\000o\000o\000m}{section.1.2}% 32
\BOOKMARK [2][-]{subsection.1.2.2}{\376\377\000A\000g\000r\000i\000c\000u\000l\000t\000u\000r\000a\000l\000\040\000M\000o\000d\000e\000r\000n\000i\000z\000a\000t\000i\000o\000n}{section.1.2}% 33
\BOOKMARK [2][-]{subsection.1.2.3}{\376\377\000G\000o\000v\000e\000r\000n\000m\000e\000n\000t\000\040\000I\000n\000i\000t\000i\000a\000t\000i\000v\000e\000s}{section.1.2}% 34
\BOOKMARK [2][-]{subsection.1.2.4}{\376\377\000T\000e\000c\000h\000n\000o\000l\000o\000g\000y\000\040\000M\000a\000r\000k\000e\000t\000\040\000T\000r\000e\000n\000d\000s}{section.1.2}% 35
\BOOKMARK [1][-]{section.1.3}{\376\377\000M\000a\000r\000k\000e\000t\000\040\000S\000i\000z\000e\000\040\000\046\000\040\000R\000e\000v\000e\000n\000u\000e\000\040\000P\000o\000t\000e\000n\000t\000i\000a\000l}{chapter.1}% 36
\BOOKMARK [2][-]{subsection.1.3.1}{\376\377\000R\000e\000g\000i\000o\000n\000a\000l\000\040\000M\000a\000r\000k\000e\000t\000\040\000C\000o\000n\000t\000e\000x\000t}{section.1.3}% 37
\BOOKMARK [2][-]{subsection.1.3.2}{\376\377\000B\000a\000n\000g\000l\000a\000d\000e\000s\000h\000\040\000A\000d\000d\000r\000e\000s\000s\000a\000b\000l\000e\000\040\000M\000a\000r\000k\000e\000t}{section.1.3}% 38
\BOOKMARK [1][-]{section.1.4}{\376\377\000S\000e\000c\000t\000o\000r\000-\000S\000p\000e\000c\000i\000f\000i\000c\000\040\000D\000e\000m\000a\000n\000d\000\040\000A\000n\000a\000l\000y\000s\000i\000s}{chapter.1}% 39
\BOOKMARK [2][-]{subsection.1.4.1}{\376\377\000A\000g\000r\000i\000c\000u\000l\000t\000u\000r\000e\000\040\000S\000e\000c\000t\000o\000r}{section.1.4}% 40
\BOOKMARK [2][-]{subsection.1.4.2}{\376\377\000G\000o\000v\000e\000r\000n\000m\000e\000n\000t\000\040\000\046\000\040\000I\000n\000f\000r\000a\000s\000t\000r\000u\000c\000t\000u\000r\000e\000\040\000S\000e\000c\000t\000o\000r}{section.1.4}% 41
\BOOKMARK [2][-]{subsection.1.4.3}{\376\377\000R\000e\000a\000l\000\040\000E\000s\000t\000a\000t\000e\000\040\000\046\000\040\000C\000o\000n\000s\000t\000r\000u\000c\000t\000i\000o\000n\000\040\000S\000e\000c\000t\000o\000r}{section.1.4}% 42
\BOOKMARK [2][-]{subsection.1.4.4}{\376\377\000E\000n\000v\000i\000r\000o\000n\000m\000e\000n\000t\000\040\000\046\000\040\000C\000o\000n\000s\000e\000r\000v\000a\000t\000i\000o\000n\000\040\000S\000e\000c\000t\000o\000r}{section.1.4}% 43
\BOOKMARK [1][-]{section.1.5}{\376\377\000C\000o\000m\000p\000e\000t\000i\000t\000i\000v\000e\000\040\000L\000a\000n\000d\000s\000c\000a\000p\000e\000\040\000A\000n\000a\000l\000y\000s\000i\000s}{chapter.1}% 44
\BOOKMARK [1][-]{section.1.6}{\376\377\000M\000a\000r\000k\000e\000t\000\040\000E\000n\000t\000r\000y\000\040\000S\000t\000r\000a\000t\000e\000g\000y\000\040\000R\000e\000c\000o\000m\000m\000e\000n\000d\000a\000t\000i\000o\000n\000s}{chapter.1}% 45
\BOOKMARK [1][-]{section.1.7}{\376\377\000M\000a\000r\000k\000e\000t\000\040\000C\000o\000n\000c\000l\000u\000s\000i\000o\000n}{chapter.1}% 46
\BOOKMARK [0][-]{chapter.2}{\376\377\000B\000u\000s\000i\000n\000e\000s\000s\000\040\000M\000o\000d\000e\000l\000\040\000\046\000\040\000S\000e\000r\000v\000i\000c\000e\000\040\000O\000f\000f\000e\000r\000i\000n\000g\000s}{}% 47
\BOOKMARK [1][-]{section.2.1}{\376\377\000S\000e\000r\000v\000i\000c\000e\000\040\000P\000o\000r\000t\000f\000o\000l\000i\000o}{chapter.2}% 48
\BOOKMARK [2][-]{subsection.2.1.1}{\376\377\000T\000i\000e\000r\000\040\0001\000:\000\040\000D\000a\000t\000a\000\040\000C\000o\000l\000l\000e\000c\000t\000i\000o\000n\000\040\000\046\000\040\000R\000a\000w\000\040\000S\000a\000l\000e\000s}{section.2.1}% 49
\BOOKMARK [2][-]{subsection.2.1.2}{\376\377\000T\000i\000e\000r\000\040\0002\000:\000\040\000P\000r\000o\000c\000e\000s\000s\000e\000d\000\040\000M\000a\000p\000s\000\040\000\046\000\040\000A\000n\000a\000l\000y\000s\000i\000s}{section.2.1}% 50
\BOOKMARK [2][-]{subsection.2.1.3}{\376\377\000T\000i\000e\000r\000\040\0003\000:\000\040\000C\000u\000s\000t\000o\000m\000\040\000A\000p\000p\000l\000i\000c\000a\000t\000i\000o\000n\000s}{section.2.1}% 51
\BOOKMARK [2][-]{subsection.2.1.4}{\376\377\000T\000i\000e\000r\000\040\0004\000:\000\040\000C\000o\000n\000s\000u\000l\000t\000i\000n\000g\000\040\000\046\000\040\000P\000l\000a\000n\000n\000i\000n\000g\000\040\000S\000e\000r\000v\000i\000c\000e\000s}{section.2.1}% 52
\BOOKMARK [1][-]{section.2.2}{\376\377\000R\000e\000v\000e\000n\000u\000e\000\040\000M\000o\000d\000e\000l\000\040\000B\000r\000e\000a\000k\000d\000o\000w\000n}{chapter.2}% 53
\BOOKMARK [1][-]{section.2.3}{\376\377\000T\000a\000r\000g\000e\000t\000\040\000C\000u\000s\000t\000o\000m\000e\000r\000\040\000S\000e\000g\000m\000e\000n\000t\000s}{chapter.2}% 54
\BOOKMARK [2][-]{subsection.2.3.1}{\376\377\000A\000g\000r\000i\000c\000u\000l\000t\000u\000r\000e\000\040\000S\000e\000c\000t\000o\000r}{section.2.3}% 55
\BOOKMARK [2][-]{subsection.2.3.2}{\376\377\000G\000o\000v\000e\000r\000n\000m\000e\000n\000t\000\040\000A\000g\000e\000n\000c\000i\000e\000s}{section.2.3}% 56
\BOOKMARK [2][-]{subsection.2.3.3}{\376\377\000R\000e\000a\000l\000\040\000E\000s\000t\000a\000t\000e\000\040\000\046\000\040\000C\000o\000n\000s\000t\000r\000u\000c\000t\000i\000o\000n}{section.2.3}% 57
\BOOKMARK [2][-]{subsection.2.3.4}{\376\377\000E\000n\000v\000i\000r\000o\000n\000m\000e\000n\000t\000\040\000\046\000\040\000N\000G\000O\000s}{section.2.3}% 58
\BOOKMARK [1][-]{section.2.4}{\376\377\000P\000r\000i\000c\000i\000n\000g\000\040\000S\000t\000r\000a\000t\000e\000g\000y}{chapter.2}% 59
\BOOKMARK [1][-]{section.2.5}{\376\377\000B\000u\000s\000i\000n\000e\000s\000s\000\040\000M\000o\000d\000e\000l\000\040\000S\000u\000s\000t\000a\000i\000n\000a\000b\000i\000l\000i\000t\000y}{chapter.2}% 60
\BOOKMARK [0][-]{chapter.3}{\376\377\000O\000p\000e\000r\000a\000t\000i\000o\000n\000a\000l\000\040\000P\000l\000a\000n}{}% 61
\BOOKMARK [1][-]{section.3.1}{\376\377\000E\000q\000u\000i\000p\000m\000e\000n\000t\000\040\000\046\000\040\000T\000e\000c\000h\000n\000o\000l\000o\000g\000y\000\040\000R\000e\000q\000u\000i\000r\000e\000m\000e\000n\000t\000s}{chapter.3}% 62
\BOOKMARK [2][-]{subsection.3.1.1}{\376\377\000P\000r\000i\000m\000a\000r\000y\000\040\000E\000q\000u\000i\000p\000m\000e\000n\000t\000\040\000I\000n\000v\000e\000s\000t\000m\000e\000n\000t}{section.3.1}% 63
\BOOKMARK [2][-]{subsection.3.1.2}{\376\377\000S\000o\000f\000t\000w\000a\000r\000e\000\040\000S\000t\000a\000c\000k}{section.3.1}% 64
\BOOKMARK [1][-]{section.3.2}{\376\377\000O\000p\000e\000r\000a\000t\000i\000o\000n\000a\000l\000\040\000L\000o\000c\000a\000t\000i\000o\000n\000s}{chapter.3}% 65
\BOOKMARK [2][-]{subsection.3.2.1}{\376\377\000H\000u\000b\000\040\0001\000:\000\040\000D\000h\000a\000k\000a\000\040\000C\000e\000n\000t\000r\000a\000l\000\040\000\050\000H\000e\000a\000d\000q\000u\000a\000r\000t\000e\000r\000s\000\051}{section.3.2}% 66
\BOOKMARK [2][-]{subsection.3.2.2}{\376\377\000H\000u\000b\000\040\0002\000:\000\040\000C\000h\000i\000t\000t\000a\000g\000o\000n\000g\000\040\000S\000o\000u\000t\000h\000e\000a\000s\000t}{section.3.2}% 67
\BOOKMARK [2][-]{subsection.3.2.3}{\376\377\000H\000u\000b\000\040\0003\000:\000\040\000K\000h\000u\000l\000n\000a\000\040\000S\000o\000u\000t\000h\000w\000e\000s\000t\000\040\000\050\000F\000u\000t\000u\000r\000e\000\051}{section.3.2}% 68
\BOOKMARK [2][-]{subsection.3.2.4}{\376\377\000H\000u\000b\000\040\0004\000:\000\040\000S\000y\000l\000h\000e\000t\000\040\000N\000o\000r\000t\000h\000e\000a\000s\000t\000\040\000\050\000F\000u\000t\000u\000r\000e\000\051}{section.3.2}% 69
\BOOKMARK [1][-]{section.3.3}{\376\377\000T\000e\000a\000m\000\040\000S\000t\000r\000u\000c\000t\000u\000r\000e\000\040\000\046\000\040\000S\000t\000a\000f\000f\000i\000n\000g}{chapter.3}% 70
\BOOKMARK [2][-]{subsection.3.3.1}{\376\377\000Y\000e\000a\000r\000\040\0001\000\040\000T\000e\000a\000m\000\040\000C\000o\000m\000p\000o\000s\000i\000t\000i\000o\000n\000\040\000\050\0001\0002\000\040\000P\000e\000o\000p\000l\000e\000\051}{section.3.3}% 71
\BOOKMARK [2][-]{subsection.3.3.2}{\376\377\000Y\000e\000a\000r\000\040\0002\000-\0003\000\040\000E\000x\000p\000a\000n\000s\000i\000o\000n}{section.3.3}% 72
\BOOKMARK [1][-]{section.3.4}{\376\377\000R\000e\000g\000u\000l\000a\000t\000o\000r\000y\000\040\000C\000o\000m\000p\000l\000i\000a\000n\000c\000e\000\040\000-\000\040\000B\000a\000n\000g\000l\000a\000d\000e\000s\000h\000\040\000\050\000C\000A\000A\000B\000\040\000R\000e\000q\000u\000i\000r\000e\000m\000e\000n\000t\000s\000\051}{chapter.3}% 73
\BOOKMARK [2][-]{subsection.3.4.1}{\376\377\000O\000v\000e\000r\000v\000i\000e\000w\000\040\000o\000f\000\040\000C\000A\000A\000B\000\040\000D\000r\000o\000n\000e\000\040\000R\000e\000g\000u\000l\000a\000t\000i\000o\000n\000s}{section.3.4}% 74
\BOOKMARK [2][-]{subsection.3.4.2}{\376\377\0001\000.\000\040\000D\000r\000o\000n\000e\000\040\000R\000e\000g\000i\000s\000t\000r\000a\000t\000i\000o\000n\000\040\000R\000e\000q\000u\000i\000r\000e\000m\000e\000n\000t\000s}{section.3.4}% 75
\BOOKMARK [2][-]{subsection.3.4.3}{\376\377\0002\000.\000\040\000R\000e\000m\000o\000t\000e\000\040\000P\000i\000l\000o\000t\000\040\000C\000e\000r\000t\000i\000f\000i\000c\000a\000t\000i\000o\000n\000\040\000\050\000R\000O\000C\000\051}{section.3.4}% 76
\BOOKMARK [2][-]{subsection.3.4.4}{\376\377\0003\000.\000\040\000F\000l\000i\000g\000h\000t\000\040\000A\000u\000t\000h\000o\000r\000i\000z\000a\000t\000i\000o\000n\000\040\000\046\000\040\000C\000l\000e\000a\000r\000a\000n\000c\000e}{section.3.4}% 77
\BOOKMARK [2][-]{subsection.3.4.5}{\376\377\0004\000.\000\040\000O\000p\000e\000r\000a\000t\000i\000o\000n\000a\000l\000\040\000C\000a\000t\000e\000g\000o\000r\000i\000e\000s}{section.3.4}% 78
\BOOKMARK [2][-]{subsection.3.4.6}{\376\377\0005\000.\000\040\000I\000n\000s\000u\000r\000a\000n\000c\000e\000\040\000R\000e\000q\000u\000i\000r\000e\000m\000e\000n\000t\000s}{section.3.4}% 79
\BOOKMARK [2][-]{subsection.3.4.7}{\376\377\000L\000a\000n\000d\000\040\000\046\000\040\000G\000e\000o\000s\000p\000a\000t\000i\000a\000l\000\040\000D\000a\000t\000a\000\040\000R\000e\000g\000u\000l\000a\000t\000i\000o\000n\000s}{section.3.4}% 80
\BOOKMARK [2][-]{subsection.3.4.8}{\376\377\000B\000u\000s\000i\000n\000e\000s\000s\000\040\000R\000e\000g\000i\000s\000t\000r\000a\000t\000i\000o\000n\000\040\000\046\000\040\000T\000a\000x\000e\000s}{section.3.4}% 81
\BOOKMARK [2][-]{subsection.3.4.9}{\376\377\000D\000a\000t\000a\000\040\000P\000r\000o\000t\000e\000c\000t\000i\000o\000n\000\040\000R\000e\000g\000u\000l\000a\000t\000i\000o\000n\000s}{section.3.4}% 82
\BOOKMARK [2][-]{subsection.3.4.10}{\376\377\000R\000e\000g\000u\000l\000a\000t\000o\000r\000y\000\040\000T\000i\000m\000e\000l\000i\000n\000e\000\040\000\046\000\040\000B\000u\000d\000g\000e\000t}{section.3.4}% 83
\BOOKMARK [1][-]{section.3.5}{\376\377\000O\000p\000e\000r\000a\000t\000i\000o\000n\000a\000l\000\040\000W\000o\000r\000k\000f\000l\000o\000w}{chapter.3}% 84
\BOOKMARK [2][-]{subsection.3.5.1}{\376\377\000P\000r\000o\000j\000e\000c\000t\000\040\000E\000x\000e\000c\000u\000t\000i\000o\000n\000\040\000F\000l\000o\000w}{section.3.5}% 85
\BOOKMARK [0][-]{chapter.4}{\376\377\000F\000i\000n\000a\000n\000c\000i\000a\000l\000\040\000P\000r\000o\000j\000e\000c\000t\000i\000o\000n\000s}{}% 86
\BOOKMARK [1][-]{section.4.1}{\376\377\000I\000n\000i\000t\000i\000a\000l\000\040\000I\000n\000v\000e\000s\000t\000m\000e\000n\000t\000\040\000B\000r\000e\000a\000k\000d\000o\000w\000n}{chapter.4}% 87
\BOOKMARK [1][-]{section.4.2}{\376\377\000Y\000e\000a\000r\000-\000b\000y\000-\000Y\000e\000a\000r\000\040\000R\000e\000v\000e\000n\000u\000e\000\040\000P\000r\000o\000j\000e\000c\000t\000i\000o\000n\000s}{chapter.4}% 88
\BOOKMARK [2][-]{subsection.4.2.1}{\376\377\000Y\000E\000A\000R\000\040\0001\000:\000\040\000F\000o\000u\000n\000d\000a\000t\000i\000o\000n\000\040\000\046\000\040\000M\000a\000r\000k\000e\000t\000\040\000E\000n\000t\000r\000y}{section.4.2}% 89
\BOOKMARK [2][-]{subsection.4.2.2}{\376\377\000Y\000E\000A\000R\000\040\0002\000:\000\040\000G\000r\000o\000w\000t\000h\000\040\000\046\000\040\000E\000x\000p\000a\000n\000s\000i\000o\000n}{section.4.2}% 90
\BOOKMARK [2][-]{subsection.4.2.3}{\376\377\000Y\000E\000A\000R\000\040\0003\000:\000\040\000S\000c\000a\000l\000i\000n\000g\000\040\000\046\000\040\000C\000o\000n\000s\000o\000l\000i\000d\000a\000t\000i\000o\000n}{section.4.2}% 91
\BOOKMARK [1][-]{section.4.3}{\376\377\0003\000-\000Y\000e\000a\000r\000\040\000S\000u\000m\000m\000a\000r\000y\000\040\000\046\000\040\000K\000e\000y\000\040\000M\000e\000t\000r\000i\000c\000s}{chapter.4}% 92
\BOOKMARK [1][-]{section.4.4}{\376\377\000C\000o\000s\000t\000\040\000S\000t\000r\000u\000c\000t\000u\000r\000e\000\040\000p\000e\000r\000\040\000S\000e\000r\000v\000i\000c\000e}{chapter.4}% 93
\BOOKMARK [2][-]{subsection.4.4.1}{\376\377\000T\000o\000p\000o\000g\000r\000a\000p\000h\000i\000c\000\040\000S\000u\000r\000v\000e\000y\000\040\000P\000r\000o\000j\000e\000c\000t\000\040\000\050\0005\0000\0000\000\040\000h\000e\000c\000t\000a\000r\000e\000s\000\051}{section.4.4}% 94
\BOOKMARK [2][-]{subsection.4.4.2}{\376\377\000A\000g\000r\000i\000c\000u\000l\000t\000u\000r\000a\000l\000\040\000M\000a\000p\000p\000i\000n\000g\000\040\000\050\0001\000,\0000\0000\0000\000\040\000h\000e\000c\000t\000a\000r\000e\000s\000\051}{section.4.4}% 95
\BOOKMARK [2][-]{subsection.4.4.3}{\376\377\000C\000u\000s\000t\000o\000m\000\040\000G\000I\000S\000\040\000A\000p\000p\000l\000i\000c\000a\000t\000i\000o\000n}{section.4.4}% 96
\BOOKMARK [1][-]{section.4.5}{\376\377\000C\000a\000s\000h\000\040\000F\000l\000o\000w\000\040\000M\000a\000n\000a\000g\000e\000m\000e\000n\000t}{chapter.4}% 97
\BOOKMARK [2][-]{subsection.4.5.1}{\376\377\000P\000a\000y\000m\000e\000n\000t\000\040\000T\000e\000r\000m\000s\000\040\000\046\000\040\000C\000a\000s\000h\000\040\000T\000i\000m\000i\000n\000g}{section.4.5}% 98
\BOOKMARK [1][-]{section.4.6}{\376\377\000F\000i\000n\000a\000n\000c\000i\000a\000l\000\040\000R\000i\000s\000k\000\040\000F\000a\000c\000t\000o\000r\000s}{chapter.4}% 99
\BOOKMARK [0][-]{chapter.5}{\376\377\000C\000o\000m\000p\000e\000t\000i\000t\000i\000v\000e\000\040\000S\000t\000r\000a\000t\000e\000g\000y}{}% 100
\BOOKMARK [1][-]{section.5.1}{\376\377\000C\000o\000m\000p\000e\000t\000i\000t\000i\000v\000e\000\040\000A\000d\000v\000a\000n\000t\000a\000g\000e\000s}{chapter.5}% 101
\BOOKMARK [2][-]{subsection.5.1.1}{\376\377\0001\000.\000\040\000T\000e\000c\000h\000n\000o\000l\000o\000g\000y\000\040\000E\000d\000g\000e}{section.5.1}% 102
\BOOKMARK [2][-]{subsection.5.1.2}{\376\377\0002\000.\000\040\000L\000o\000c\000a\000l\000\040\000E\000x\000p\000e\000r\000t\000i\000s\000e}{section.5.1}% 103
\BOOKMARK [2][-]{subsection.5.1.3}{\376\377\0003\000.\000\040\000C\000o\000m\000p\000r\000e\000h\000e\000n\000s\000i\000v\000e\000\040\000S\000o\000l\000u\000t\000i\000o\000n}{section.5.1}% 104
\BOOKMARK [2][-]{subsection.5.1.4}{\376\377\0004\000.\000\040\000S\000t\000r\000a\000t\000e\000g\000i\000c\000\040\000P\000a\000r\000t\000n\000e\000r\000s\000h\000i\000p\000s}{section.5.1}% 105
\BOOKMARK [2][-]{subsection.5.1.5}{\376\377\0005\000.\000\040\000V\000a\000l\000u\000e\000-\000B\000a\000s\000e\000d\000\040\000P\000r\000i\000c\000i\000n\000g}{section.5.1}% 106
\BOOKMARK [1][-]{section.5.2}{\376\377\000C\000o\000m\000p\000e\000t\000i\000t\000i\000v\000e\000\040\000P\000o\000s\000i\000t\000i\000o\000n\000i\000n\000g}{chapter.5}% 107
\BOOKMARK [2][-]{subsection.5.2.1}{\376\377\000P\000o\000s\000i\000t\000i\000o\000n\000i\000n\000g\000\040\000M\000a\000t\000r\000i\000x}{section.5.2}% 108
\BOOKMARK [1][-]{section.5.3}{\376\377\000G\000o\000-\000t\000o\000-\000M\000a\000r\000k\000e\000t\000\040\000S\000t\000r\000a\000t\000e\000g\000y}{chapter.5}% 109
\BOOKMARK [2][-]{subsection.5.3.1}{\376\377\000P\000h\000a\000s\000e\000\040\0001\000:\000\040\000G\000o\000v\000e\000r\000n\000m\000e\000n\000t\000\040\000\046\000\040\000I\000n\000f\000r\000a\000s\000t\000r\000u\000c\000t\000u\000r\000e\000\040\000\050\000M\000o\000n\000t\000h\000s\000\040\0001\000-\0006\000\051}{section.5.3}% 110
\BOOKMARK [2][-]{subsection.5.3.2}{\376\377\000P\000h\000a\000s\000e\000\040\0002\000:\000\040\000R\000e\000a\000l\000\040\000E\000s\000t\000a\000t\000e\000\040\000\046\000\040\000D\000e\000v\000e\000l\000o\000p\000m\000e\000n\000t\000\040\000\050\000M\000o\000n\000t\000h\000s\000\040\0006\000-\0001\0002\000\051}{section.5.3}% 111
\BOOKMARK [2][-]{subsection.5.3.3}{\376\377\000P\000h\000a\000s\000e\000\040\0003\000:\000\040\000N\000G\000O\000\040\000\046\000\040\000F\000a\000r\000m\000e\000r\000\040\000C\000h\000a\000n\000n\000e\000l\000\040\000\050\000M\000o\000n\000t\000h\000s\000\040\0009\000-\0001\0008\000\051}{section.5.3}% 112
\BOOKMARK [1][-]{section.5.4}{\376\377\000D\000i\000f\000f\000e\000r\000e\000n\000t\000i\000a\000t\000i\000o\000n\000\040\000S\000t\000r\000a\000t\000e\000g\000y}{chapter.5}% 113
\BOOKMARK [2][-]{subsection.5.4.1}{\376\377\000W\000h\000y\000\040\000C\000u\000s\000t\000o\000m\000e\000r\000s\000\040\000W\000i\000l\000l\000\040\000C\000h\000o\000o\000s\000e\000\040\000P\000r\000e\000c\000i\000n\000c\000t\000\040\000S\000m\000a\000r\000t}{section.5.4}% 114
\BOOKMARK [1][-]{section.5.5}{\376\377\000C\000o\000m\000p\000e\000t\000i\000t\000i\000v\000e\000\040\000R\000e\000s\000p\000o\000n\000s\000e\000\040\000S\000t\000r\000a\000t\000e\000g\000i\000e\000s}{chapter.5}% 115
\BOOKMARK [2][-]{subsection.5.5.1}{\376\377\000I\000f\000\040\000C\000o\000m\000p\000e\000t\000i\000t\000o\000r\000s\000\040\000L\000o\000w\000e\000r\000\040\000P\000r\000i\000c\000e\000s}{section.5.5}% 116
\BOOKMARK [2][-]{subsection.5.5.2}{\376\377\000I\000f\000\040\000C\000o\000m\000p\000e\000t\000i\000t\000o\000r\000s\000\040\000A\000d\000o\000p\000t\000\040\000L\000i\000D\000A\000R}{section.5.5}% 117
\BOOKMARK [2][-]{subsection.5.5.3}{\376\377\000I\000f\000\040\000N\000e\000w\000\040\000C\000o\000m\000p\000e\000t\000i\000t\000o\000r\000s\000\040\000E\000n\000t\000e\000r}{section.5.5}% 118
\BOOKMARK [0][-]{chapter.6}{\376\377\000R\000i\000s\000k\000s\000,\000\040\000C\000h\000a\000l\000l\000e\000n\000g\000e\000s\000\040\000\046\000\040\000M\000i\000t\000i\000g\000a\000t\000i\000o\000n\000\040\000S\000t\000r\000a\000t\000e\000g\000i\000e\000s}{}% 119
\BOOKMARK [1][-]{section.6.1}{\376\377\000C\000r\000i\000t\000i\000c\000a\000l\000\040\000B\000u\000s\000i\000n\000e\000s\000s\000\040\000R\000i\000s\000k\000s}{chapter.6}% 120
\BOOKMARK [1][-]{section.6.2}{\376\377\000O\000p\000e\000r\000a\000t\000i\000o\000n\000a\000l\000\040\000C\000h\000a\000l\000l\000e\000n\000g\000e\000s}{chapter.6}% 121
\BOOKMARK [2][-]{subsection.6.2.1}{\376\377\000C\000h\000a\000l\000l\000e\000n\000g\000e\000\040\0001\000:\000\040\000W\000e\000a\000t\000h\000e\000r\000\040\000\046\000\040\000S\000e\000a\000s\000o\000n\000a\000l\000i\000t\000y}{section.6.2}% 122
\BOOKMARK [2][-]{subsection.6.2.2}{\376\377\000C\000h\000a\000l\000l\000e\000n\000g\000e\000\040\0002\000:\000\040\000R\000e\000g\000u\000l\000a\000t\000o\000r\000y\000\040\000C\000o\000m\000p\000l\000i\000a\000n\000c\000e}{section.6.2}% 123
\BOOKMARK [2][-]{subsection.6.2.3}{\376\377\000C\000h\000a\000l\000l\000e\000n\000g\000e\000\040\0003\000:\000\040\000S\000k\000i\000l\000l\000e\000d\000\040\000W\000o\000r\000k\000f\000o\000r\000c\000e\000\040\000S\000h\000o\000r\000t\000a\000g\000e}{section.6.2}% 124
\BOOKMARK [2][-]{subsection.6.2.4}{\376\377\000C\000h\000a\000l\000l\000e\000n\000g\000e\000\040\0004\000:\000\040\000H\000i\000g\000h\000\040\000E\000q\000u\000i\000p\000m\000e\000n\000t\000\040\000C\000o\000s\000t\000s}{section.6.2}% 125
\BOOKMARK [2][-]{subsection.6.2.5}{\376\377\000C\000h\000a\000l\000l\000e\000n\000g\000e\000\040\0005\000:\000\040\000M\000a\000r\000k\000e\000t\000\040\000E\000d\000u\000c\000a\000t\000i\000o\000n}{section.6.2}% 126
\BOOKMARK [1][-]{section.6.3}{\376\377\000F\000i\000n\000a\000n\000c\000i\000a\000l\000\040\000R\000i\000s\000k\000\040\000M\000a\000n\000a\000g\000e\000m\000e\000n\000t}{chapter.6}% 127
\BOOKMARK [2][-]{subsection.6.3.1}{\376\377\000B\000u\000r\000n\000\040\000R\000a\000t\000e\000\040\000A\000n\000a\000l\000y\000s\000i\000s}{section.6.3}% 128
\BOOKMARK [2][-]{subsection.6.3.2}{\376\377\000C\000a\000s\000h\000\040\000F\000l\000o\000w\000\040\000M\000a\000n\000a\000g\000e\000m\000e\000n\000t}{section.6.3}% 129
\BOOKMARK [2][-]{subsection.6.3.3}{\376\377\000R\000e\000v\000e\000n\000u\000e\000\040\000R\000i\000s\000k}{section.6.3}% 130
\BOOKMARK [1][-]{section.6.4}{\376\377\000S\000t\000r\000a\000t\000e\000g\000i\000c\000\040\000R\000i\000s\000k\000s}{chapter.6}% 131
\BOOKMARK [2][-]{subsection.6.4.1}{\376\377\000T\000e\000c\000h\000n\000o\000l\000o\000g\000y\000\040\000O\000b\000s\000o\000l\000e\000s\000c\000e\000n\000c\000e}{section.6.4}% 132
\BOOKMARK [2][-]{subsection.6.4.2}{\376\377\000C\000o\000m\000p\000e\000t\000i\000t\000i\000o\000n\000\040\000f\000r\000o\000m\000\040\000E\000s\000t\000a\000b\000l\000i\000s\000h\000e\000d\000\040\000P\000l\000a\000y\000e\000r\000s}{section.6.4}% 133
\BOOKMARK [1][-]{section.6.5}{\376\377\000M\000i\000t\000i\000g\000a\000t\000i\000o\000n\000\040\000I\000n\000v\000e\000s\000t\000m\000e\000n\000t\000\040\000S\000u\000m\000m\000a\000r\000y}{chapter.6}% 134
\BOOKMARK [0][-]{chapter.7}{\376\377\000R\000e\000g\000i\000o\000n\000a\000l\000\040\000S\000e\000r\000v\000i\000c\000e\000\040\000D\000e\000l\000i\000v\000e\000r\000y\000\040\000P\000l\000a\000n}{}% 135
\BOOKMARK [1][-]{section.7.1}{\376\377\000R\000e\000g\000i\000o\000n\000a\000l\000\040\000S\000t\000r\000a\000t\000e\000g\000y\000\040\000O\000v\000e\000r\000v\000i\000e\000w}{chapter.7}% 136
\BOOKMARK [1][-]{section.7.2}{\376\377\000R\000e\000g\000i\000o\000n\000\040\0001\000:\000\040\000D\000h\000a\000k\000a\000\040\000\046\000\040\000C\000e\000n\000t\000r\000a\000l\000\040\000\050\000P\000r\000i\000o\000r\000i\000t\000y\000\040\0001\000\040\000-\000\040\000Y\000e\000a\000r\000\040\0001\000\051}{chapter.7}% 137
\BOOKMARK [2][-]{subsection.7.2.1}{\376\377\000G\000e\000o\000g\000r\000a\000p\000h\000i\000c\000\040\000C\000o\000v\000e\000r\000a\000g\000e}{section.7.2}% 138
\BOOKMARK [2][-]{subsection.7.2.2}{\376\377\000M\000a\000r\000k\000e\000t\000\040\000C\000h\000a\000r\000a\000c\000t\000e\000r\000i\000s\000t\000i\000c\000s}{section.7.2}% 139
\BOOKMARK [2][-]{subsection.7.2.3}{\376\377\000I\000m\000p\000l\000e\000m\000e\000n\000t\000a\000t\000i\000o\000n\000\040\000T\000i\000m\000e\000l\000i\000n\000e}{section.7.2}% 140
\BOOKMARK [2][-]{subsection.7.2.4}{\376\377\000S\000u\000c\000c\000e\000s\000s\000\040\000M\000e\000t\000r\000i\000c\000s}{section.7.2}% 141
\BOOKMARK [1][-]{section.7.3}{\376\377\000R\000e\000g\000i\000o\000n\000\040\0002\000:\000\040\000C\000h\000i\000t\000t\000a\000g\000o\000n\000g\000\040\000\046\000\040\000S\000o\000u\000t\000h\000e\000a\000s\000t\000\040\000\050\000P\000r\000i\000o\000r\000i\000t\000y\000\040\0002\000\040\000-\000\040\000Y\000e\000a\000r\000\040\0001\000\051}{chapter.7}% 142
\BOOKMARK [2][-]{subsection.7.3.1}{\376\377\000G\000e\000o\000g\000r\000a\000p\000h\000i\000c\000\040\000C\000o\000v\000e\000r\000a\000g\000e}{section.7.3}% 143
\BOOKMARK [2][-]{subsection.7.3.2}{\376\377\000M\000a\000r\000k\000e\000t\000\040\000C\000h\000a\000r\000a\000c\000t\000e\000r\000i\000s\000t\000i\000c\000s}{section.7.3}% 144
\BOOKMARK [2][-]{subsection.7.3.3}{\376\377\000I\000m\000p\000l\000e\000m\000e\000n\000t\000a\000t\000i\000o\000n\000\040\000T\000i\000m\000e\000l\000i\000n\000e}{section.7.3}% 145
\BOOKMARK [2][-]{subsection.7.3.4}{\376\377\000S\000u\000c\000c\000e\000s\000s\000\040\000M\000e\000t\000r\000i\000c\000s}{section.7.3}% 146
\BOOKMARK [1][-]{section.7.4}{\376\377\000R\000e\000g\000i\000o\000n\000\040\0003\000:\000\040\000K\000h\000u\000l\000n\000a\000\040\000\046\000\040\000S\000o\000u\000t\000h\000w\000e\000s\000t\000\040\000\050\000P\000r\000i\000o\000r\000i\000t\000y\000\040\0003\000\040\000-\000\040\000Y\000e\000a\000r\000\040\0002\000\051}{chapter.7}% 147
\BOOKMARK [2][-]{subsection.7.4.1}{\376\377\000G\000e\000o\000g\000r\000a\000p\000h\000i\000c\000\040\000C\000o\000v\000e\000r\000a\000g\000e}{section.7.4}% 148
\BOOKMARK [2][-]{subsection.7.4.2}{\376\377\000M\000a\000r\000k\000e\000t\000\040\000C\000h\000a\000r\000a\000c\000t\000e\000r\000i\000s\000t\000i\000c\000s}{section.7.4}% 149
\BOOKMARK [2][-]{subsection.7.4.3}{\376\377\000I\000m\000p\000l\000e\000m\000e\000n\000t\000a\000t\000i\000o\000n\000\040\000T\000i\000m\000e\000l\000i\000n\000e}{section.7.4}% 150
\BOOKMARK [2][-]{subsection.7.4.4}{\376\377\000S\000u\000c\000c\000e\000s\000s\000\040\000M\000e\000t\000r\000i\000c\000s}{section.7.4}% 151
\BOOKMARK [1][-]{section.7.5}{\376\377\000R\000e\000g\000i\000o\000n\000\040\0004\000:\000\040\000S\000y\000l\000h\000e\000t\000\040\000\046\000\040\000N\000o\000r\000t\000h\000e\000a\000s\000t\000\040\000\050\000P\000r\000i\000o\000r\000i\000t\000y\000\040\0004\000\040\000-\000\040\000Y\000e\000a\000r\000\040\0003\000\051}{chapter.7}% 152
\BOOKMARK [2][-]{subsection.7.5.1}{\376\377\000G\000e\000o\000g\000r\000a\000p\000h\000i\000c\000\040\000C\000o\000v\000e\000r\000a\000g\000e}{section.7.5}% 153
\BOOKMARK [2][-]{subsection.7.5.2}{\376\377\000M\000a\000r\000k\000e\000t\000\040\000C\000h\000a\000r\000a\000c\000t\000e\000r\000i\000s\000t\000i\000c\000s}{section.7.5}% 154
\BOOKMARK [2][-]{subsection.7.5.3}{\376\377\000I\000m\000p\000l\000e\000m\000e\000n\000t\000a\000t\000i\000o\000n\000\040\000T\000i\000m\000e\000l\000i\000n\000e}{section.7.5}% 155
\BOOKMARK [2][-]{subsection.7.5.4}{\376\377\000S\000u\000c\000c\000e\000s\000s\000\040\000M\000e\000t\000r\000i\000c\000s}{section.7.5}% 156
\BOOKMARK [1][-]{section.7.6}{\376\377\000R\000e\000g\000i\000o\000n\000a\000l\000\040\000H\000u\000b\000\040\000E\000x\000p\000a\000n\000s\000i\000o\000n\000\040\000T\000i\000m\000e\000l\000i\000n\000e}{chapter.7}% 157
\BOOKMARK [1][-]{section.7.7}{\376\377\000I\000n\000t\000e\000r\000-\000R\000e\000g\000i\000o\000n\000a\000l\000\040\000S\000y\000n\000e\000r\000g\000i\000e\000s}{chapter.7}% 158
\BOOKMARK [2][-]{subsection.7.7.1}{\376\377\000K\000n\000o\000w\000l\000e\000d\000g\000e\000\040\000S\000h\000a\000r\000i\000n\000g}{section.7.7}% 159
\BOOKMARK [2][-]{subsection.7.7.2}{\376\377\000E\000q\000u\000i\000p\000m\000e\000n\000t\000\040\000S\000h\000a\000r\000i\000n\000g}{section.7.7}% 160
\BOOKMARK [2][-]{subsection.7.7.3}{\376\377\000P\000r\000o\000j\000e\000c\000t\000\040\000A\000l\000l\000o\000c\000a\000t\000i\000o\000n}{section.7.7}% 161
\BOOKMARK [0][-]{chapter.8}{\376\377\000M\000L\000\040\000\046\000\040\000F\000a\000r\000m\000e\000r\000-\000L\000e\000v\000e\000l\000\040\000A\000p\000p\000l\000i\000c\000a\000t\000i\000o\000n\000\040\000R\000o\000a\000d\000m\000a\000p}{}% 162
\BOOKMARK [1][-]{section.8.1}{\376\377\000P\000a\000r\000a\000l\000l\000e\000l\000\040\000D\000e\000v\000e\000l\000o\000p\000m\000e\000n\000t\000\040\000S\000t\000r\000a\000t\000e\000g\000y\000\040\000\050\000Y\000e\000a\000r\000\040\0001\000-\0002\000\051}{chapter.8}% 163
\BOOKMARK [1][-]{section.8.2}{\376\377\000C\000o\000r\000e\000\040\000D\000a\000t\000a\000\040\000S\000c\000i\000e\000n\000c\000e\000\040\000A\000p\000p\000l\000i\000c\000a\000t\000i\000o\000n\000s}{chapter.8}% 164
\BOOKMARK [2][-]{subsection.8.2.1}{\376\377\000A\000P\000P\000\040\0001\000:\000\040\000C\000r\000o\000p\000\040\000H\000e\000a\000l\000t\000h\000\040\000M\000o\000n\000i\000t\000o\000r}{section.8.2}% 165
\BOOKMARK [2][-]{subsection.8.2.2}{\376\377\000A\000P\000P\000\040\0002\000:\000\040\000Y\000i\000e\000l\000d\000\040\000P\000r\000e\000d\000i\000c\000t\000o\000r}{section.8.2}% 166
\BOOKMARK [2][-]{subsection.8.2.3}{\376\377\000A\000P\000P\000\040\0003\000:\000\040\000L\000a\000n\000d\000\040\000P\000l\000a\000n\000n\000i\000n\000g\000\040\000A\000s\000s\000i\000s\000t\000a\000n\000t}{section.8.2}% 167
\BOOKMARK [1][-]{section.8.3}{\376\377\000N\000G\000O\000\040\000P\000a\000r\000t\000n\000e\000r\000s\000h\000i\000p\000\040\000M\000o\000d\000e\000l}{chapter.8}% 168
\BOOKMARK [2][-]{subsection.8.3.1}{\376\377\000H\000o\000w\000\040\000I\000t\000\040\000W\000o\000r\000k\000s}{section.8.3}% 169
\BOOKMARK [2][-]{subsection.8.3.2}{\376\377\000T\000a\000r\000g\000e\000t\000\040\000N\000G\000O\000\040\000P\000a\000r\000t\000n\000e\000r\000s}{section.8.3}% 170
\BOOKMARK [2][-]{subsection.8.3.3}{\376\377\000P\000a\000r\000t\000n\000e\000r\000s\000h\000i\000p\000\040\000A\000p\000p\000r\000o\000a\000c\000h}{section.8.3}% 171
\BOOKMARK [2][-]{subsection.8.3.4}{\376\377\000I\000m\000p\000a\000c\000t\000\040\000M\000e\000t\000r\000i\000c\000s}{section.8.3}% 172
\BOOKMARK [1][-]{section.8.4}{\376\377\000M\000L\000\040\000P\000l\000a\000t\000f\000o\000r\000m\000\040\000R\000e\000v\000e\000n\000u\000e\000\040\000P\000o\000t\000e\000n\000t\000i\000a\000l}{chapter.8}% 173
\BOOKMARK [1][-]{section.8.5}{\376\377\000T\000e\000c\000h\000n\000i\000c\000a\000l\000\040\000D\000e\000v\000e\000l\000o\000p\000m\000e\000n\000t\000\040\000A\000p\000p\000r\000o\000a\000c\000h}{chapter.8}% 174
\BOOKMARK [2][-]{subsection.8.5.1}{\376\377\000M\000L\000\040\000D\000e\000v\000e\000l\000o\000p\000m\000e\000n\000t\000\040\000S\000t\000a\000c\000k}{section.8.5}% 175
\BOOKMARK [2][-]{subsection.8.5.2}{\376\377\000D\000a\000t\000a\000\040\000P\000i\000p\000e\000l\000i\000n\000e\000\040\000A\000r\000c\000h\000i\000t\000e\000c\000t\000u\000r\000e}{section.8.5}% 176
\BOOKMARK [0][-]{chapter.9}{\376\377\0003\0006\000-\000M\000o\000n\000t\000h\000\040\000I\000m\000p\000l\000e\000m\000e\000n\000t\000a\000t\000i\000o\000n\000\040\000T\000i\000m\000e\000l\000i\000n\000e}{}% 177
\BOOKMARK [1][-]{section.9.1}{\376\377\000P\000H\000A\000S\000E\000\040\0001\000:\000\040\000F\000o\000u\000n\000d\000a\000t\000i\000o\000n\000\040\000\050\000M\000o\000n\000t\000h\000s\000\040\0001\000-\0003\000\051}{chapter.9}% 178
\BOOKMARK [1][-]{section.9.2}{\376\377\000P\000H\000A\000S\000E\000\040\0002\000:\000\040\000L\000a\000u\000n\000c\000h\000\040\000\046\000\040\000M\000a\000r\000k\000e\000t\000\040\000E\000n\000t\000r\000y\000\040\000\050\000M\000o\000n\000t\000h\000s\000\040\0004\000-\0001\0002\000\051}{chapter.9}% 179
\BOOKMARK [1][-]{section.9.3}{\376\377\000P\000H\000A\000S\000E\000\040\0003\000:\000\040\000G\000r\000o\000w\000t\000h\000\040\000\046\000\040\000D\000i\000v\000e\000r\000s\000i\000f\000i\000c\000a\000t\000i\000o\000n\000\040\000\050\000M\000o\000n\000t\000h\000s\000\040\0001\0003\000-\0002\0004\000\051}{chapter.9}% 180
\BOOKMARK [1][-]{section.9.4}{\376\377\000P\000H\000A\000S\000E\000\040\0004\000:\000\040\000S\000c\000a\000l\000i\000n\000g\000\040\000\046\000\040\000I\000n\000n\000o\000v\000a\000t\000i\000o\000n\000\040\000\050\000M\000o\000n\000t\000h\000s\000\040\0002\0005\000-\0003\0006\000\051}{chapter.9}% 181
\BOOKMARK [1][-]{section.9.5}{\376\377\000C\000r\000i\000t\000i\000c\000a\000l\000\040\000P\000a\000t\000h\000\040\000I\000t\000e\000m\000s}{chapter.9}% 182
\BOOKMARK [0][-]{chapter.10}{\376\377\000K\000e\000y\000\040\000P\000e\000r\000f\000o\000r\000m\000a\000n\000c\000e\000\040\000I\000n\000d\000i\000c\000a\000t\000o\000r\000s\000\040\000\050\000K\000P\000I\000s\000\051}{}% 183
\BOOKMARK [1][-]{section.10.1}{\376\377\000B\000u\000s\000i\000n\000e\000s\000s\000\040\000K\000P\000I\000s}{chapter.10}% 184
\BOOKMARK [1][-]{section.10.2}{\376\377\000O\000p\000e\000r\000a\000t\000i\000o\000n\000a\000l\000\040\000K\000P\000I\000s}{chapter.10}% 185
\BOOKMARK [1][-]{section.10.3}{\376\377\000M\000L\000\040\000\046\000\040\000F\000a\000r\000m\000e\000r\000\040\000I\000m\000p\000a\000c\000t\000\040\000K\000P\000I\000s}{chapter.10}% 186
\BOOKMARK [1][-]{section.10.4}{\376\377\000F\000i\000n\000a\000n\000c\000i\000a\000l\000\040\000K\000P\000I\000s}{chapter.10}% 187
\BOOKMARK [0][-]{chapter.11}{\376\377\000M\000a\000r\000k\000e\000t\000\040\000O\000u\000t\000l\000o\000o\000k\000\040\000\046\000\040\000E\000x\000p\000a\000n\000s\000i\000o\000n\000\040\000O\000p\000p\000o\000r\000t\000u\000n\000i\000t\000i\000e\000s\000\040\000\050\000Y\000e\000a\000r\000\040\0003\000+\000\051}{}% 188
\BOOKMARK [1][-]{section.11.1}{\376\377\000G\000e\000o\000g\000r\000a\000p\000h\000i\000c\000\040\000E\000x\000p\000a\000n\000s\000i\000o\000n\000\040\000O\000p\000p\000o\000r\000t\000u\000n\000i\000t\000i\000e\000s}{chapter.11}% 189
\BOOKMARK [2][-]{subsection.11.1.1}{\376\377\000M\000y\000a\000n\000m\000a\000r\000\040\000M\000a\000r\000k\000e\000t}{section.11.1}% 190
\BOOKMARK [2][-]{subsection.11.1.2}{\376\377\000I\000n\000d\000i\000a\000\040\000\050\000N\000o\000r\000t\000h\000e\000a\000s\000t\000\040\000S\000t\000a\000t\000e\000s\000\051}{section.11.1}% 191
\BOOKMARK [2][-]{subsection.11.1.3}{\376\377\000S\000o\000u\000t\000h\000e\000a\000s\000t\000\040\000A\000s\000i\000a\000\040\000E\000x\000p\000a\000n\000s\000i\000o\000n}{section.11.1}% 192
\BOOKMARK [1][-]{section.11.2}{\376\377\000S\000e\000r\000v\000i\000c\000e\000\040\000E\000x\000p\000a\000n\000s\000i\000o\000n\000\040\000O\000p\000p\000o\000r\000t\000u\000n\000i\000t\000i\000e\000s}{chapter.11}% 193
\BOOKMARK [2][-]{subsection.11.2.1}{\376\377\000T\000h\000e\000r\000m\000a\000l\000\040\000I\000m\000a\000g\000i\000n\000g\000\040\000S\000e\000r\000v\000i\000c\000e\000s}{section.11.2}% 194
\BOOKMARK [2][-]{subsection.11.2.2}{\376\377\000B\000a\000t\000h\000y\000m\000e\000t\000r\000i\000c\000\040\000S\000u\000r\000v\000e\000y\000s}{section.11.2}% 195
\BOOKMARK [2][-]{subsection.11.2.3}{\376\377\000M\000u\000l\000t\000i\000s\000p\000e\000c\000t\000r\000a\000l\000\040\000A\000n\000a\000l\000y\000s\000i\000s}{section.11.2}% 196
\BOOKMARK [2][-]{subsection.11.2.4}{\376\377\000A\000I\000-\000P\000o\000w\000e\000r\000e\000d\000\040\000F\000e\000a\000t\000u\000r\000e\000\040\000E\000x\000t\000r\000a\000c\000t\000i\000o\000n}{section.11.2}% 197
\BOOKMARK [1][-]{section.11.3}{\376\377\000M\000a\000r\000k\000e\000t\000\040\000S\000i\000z\000e\000\040\000P\000o\000t\000e\000n\000t\000i\000a\000l\000\040\000\050\000Y\000e\000a\000r\000\040\0005\000+\000\051}{chapter.11}% 198
\BOOKMARK [0][-]{chapter.12}{\376\377\000I\000n\000v\000e\000s\000t\000m\000e\000n\000t\000\040\000S\000u\000m\000m\000a\000r\000y\000\040\000\046\000\040\000F\000u\000n\000d\000i\000n\000g\000\040\000R\000e\000q\000u\000i\000r\000e\000m\000e\000n\000t\000s}{}% 199
\BOOKMARK [1][-]{section.12.1}{\376\377\000T\000o\000t\000a\000l\000\040\000I\000n\000v\000e\000s\000t\000m\000e\000n\000t\000\040\000N\000e\000e\000d\000e\000d}{chapter.12}% 200
\BOOKMARK [2][-]{subsection.12.1.1}{\376\377\000C\000a\000p\000i\000t\000a\000l\000\040\000A\000l\000l\000o\000c\000a\000t\000i\000o\000n}{section.12.1}% 201
\BOOKMARK [2][-]{subsection.12.1.2}{\376\377\000C\000a\000p\000i\000t\000a\000l\000\040\000A\000l\000l\000o\000c\000a\000t\000i\000o\000n\000\040\000C\000h\000a\000r\000t}{section.12.1}% 202
\BOOKMARK [1][-]{section.12.2}{\376\377\000E\000x\000p\000e\000c\000t\000e\000d\000\040\000R\000e\000t\000u\000r\000n\000s\000\040\000\050\0003\000-\000Y\000e\000a\000r\000\040\000H\000o\000r\000i\000z\000o\000n\000\051}{chapter.12}% 203
\BOOKMARK [1][-]{section.12.3}{\376\377\000K\000e\000y\000\040\000F\000i\000n\000a\000n\000c\000i\000a\000l\000\040\000M\000e\000t\000r\000i\000c\000s}{chapter.12}% 204
\BOOKMARK [1][-]{section.12.4}{\376\377\000F\000u\000n\000d\000i\000n\000g\000\040\000S\000t\000r\000u\000c\000t\000u\000r\000e\000\040\000O\000p\000t\000i\000o\000n\000s}{chapter.12}% 205
\BOOKMARK [2][-]{subsection.12.4.1}{\376\377\000O\000p\000t\000i\000o\000n\000\040\0001\000:\000\040\000S\000e\000l\000f\000-\000F\000u\000n\000d\000e\000d}{section.12.4}% 206
\BOOKMARK [2][-]{subsection.12.4.2}{\376\377\000O\000p\000t\000i\000o\000n\000\040\0002\000:\000\040\000V\000C\000/\000A\000n\000g\000e\000l\000\040\000I\000n\000v\000e\000s\000t\000m\000e\000n\000t}{section.12.4}% 207
\BOOKMARK [2][-]{subsection.12.4.3}{\376\377\000O\000p\000t\000i\000o\000n\000\040\0003\000:\000\040\000G\000o\000v\000e\000r\000n\000m\000e\000n\000t\000\040\000G\000r\000a\000n\000t\000s}{section.12.4}% 208
\BOOKMARK [1][-]{section.12.5}{\376\377\000I\000n\000v\000e\000s\000t\000m\000e\000n\000t\000\040\000T\000h\000e\000s\000i\000s}{chapter.12}% 209
\BOOKMARK [1][-]{section.12.6}{\376\377\000E\000x\000i\000t\000\040\000S\000t\000r\000a\000t\000e\000g\000y\000\040\000\050\0005\000-\0007\000\040\000Y\000e\000a\000r\000\040\000H\000o\000r\000i\000z\000o\000n\000\051}{chapter.12}% 210
\BOOKMARK [0][-]{chapter.13}{\376\377\000C\000o\000n\000c\000l\000u\000s\000i\000o\000n\000\040\000\046\000\040\000R\000e\000c\000o\000m\000m\000e\000n\000d\000e\000d\000\040\000N\000e\000x\000t\000\040\000S\000t\000e\000p\000s}{}% 211
\BOOKMARK [1][-]{section.13.1}{\376\377\000E\000x\000e\000c\000u\000t\000i\000v\000e\000\040\000S\000u\000m\000m\000a\000r\000y\000\040\000R\000e\000v\000i\000s\000i\000t\000e\000d}{chapter.13}% 212
\BOOKMARK [1][-]{section.13.2}{\376\377\000W\000h\000y\000\040\000T\000h\000i\000s\000\040\000B\000u\000s\000i\000n\000e\000s\000s\000\040\000W\000i\000l\000l\000\040\000S\000u\000c\000c\000e\000e\000d}{chapter.13}% 213
\BOOKMARK [1][-]{section.13.3}{\376\377\000I\000m\000m\000e\000d\000i\000a\000t\000e\000\040\000A\000c\000t\000i\000o\000n\000\040\000I\000t\000e\000m\000s\000\040\000\050\000N\000e\000x\000t\000\040\0003\0000\000\040\000D\000a\000y\000s\000\051}{chapter.13}% 214
\BOOKMARK [2][-]{subsection.13.3.1}{\376\377\000R\000e\000g\000u\000l\000a\000t\000o\000r\000y\000\040\000\046\000\040\000L\000e\000g\000a\000l}{section.13.3}% 215
\BOOKMARK [2][-]{subsection.13.3.2}{\376\377\000P\000a\000r\000t\000n\000e\000r\000s\000h\000i\000p\000s}{section.13.3}% 216
\BOOKMARK [2][-]{subsection.13.3.3}{\376\377\000T\000e\000c\000h\000n\000o\000l\000o\000g\000y\000\040\000\046\000\040\000E\000q\000u\000i\000p\000m\000e\000n\000t}{section.13.3}% 217
\BOOKMARK [2][-]{subsection.13.3.4}{\376\377\000T\000e\000a\000m\000\040\000\046\000\040\000S\000t\000a\000f\000f\000i\000n\000g}{section.13.3}% 218
\BOOKMARK [2][-]{subsection.13.3.5}{\376\377\000F\000u\000n\000d\000i\000n\000g}{section.13.3}% 219
\BOOKMARK [1][-]{section.13.4}{\376\377\000S\000u\000c\000c\000e\000s\000s\000\040\000F\000a\000c\000t\000o\000r\000s\000\040\000f\000o\000r\000\040\000I\000m\000p\000l\000e\000m\000e\000n\000t\000a\000t\000i\000o\000n}{chapter.13}% 220
\BOOKMARK [1][-]{section.13.5}{\376\377\000R\000i\000s\000k\000\040\000M\000i\000t\000i\000g\000a\000t\000i\000o\000n\000\040\000S\000u\000m\000m\000a\000r\000y}{chapter.13}% 221
\BOOKMARK [1][-]{section.13.6}{\376\377\000I\000n\000v\000e\000s\000t\000m\000e\000n\000t\000\040\000D\000e\000c\000i\000s\000i\000o\000n\000\040\000F\000r\000a\000m\000e\000w\000o\000r\000k}{chapter.13}% 222
\BOOKMARK [1][-]{section.13.7}{\376\377\000F\000i\000n\000a\000l\000\040\000R\000e\000c\000o\000m\000m\000e\000n\000d\000a\000t\000i\000o\000n}{chapter.13}% 223
\BOOKMARK [1][-]{section.13.8}{\376\377\000C\000o\000n\000t\000a\000c\000t\000\040\000\046\000\040\000S\000u\000p\000p\000o\000r\000t}{chapter.13}% 224
